=== Network Diagnostics Started at 18-03-2025 0:52:33 ===
Active Scene: Lobby
Network Mode: Server
[00:52:33.512] NetworkDiagnostics initialized at 18-03-2025 0:52:33
[00:52:33.866] SERVER SPAWN: GameManager, NetID: 1, SceneID: 3B57411BDBAA8B3E, AssetID: 2598542897
[00:52:33.866] SERVER SPAWN: TeamAssignment, NetID: 2, SceneID: 3B57411B6E483AD7, AssetID: 2920735973
[00:52:33.866] SERVER SPAWN: HeroRegistry, NetID: 3, SceneID: 3B57411BD603BA67, AssetID: 1831850035
[00:52:33.867] SERVER SPAWN: TeamManager, NetID: 4, SceneID: 3B57411B23E6E149, AssetID: 2613641029
[00:52:33.867] SERVER SPAWN: HeroSelectionManager, NetID: 5, SceneID: 3B57411B6EB7EE0B, AssetID: 4181262340
[00:52:33.868] SERVER SPAWN: LobbyManager, NetID: 6, SceneID: 3B57411B17916B04, AssetID: 0
[00:52:33.868] SERVER SPAWN: temp_player [connId=0], NetID: 7, SceneID: 0, AssetID: 1462839937
[00:52:40.364] SERVER SPAWN: temp_player [connId=390219543], NetID: 8, SceneID: 0, AssetID: 1462839937
[00:52:50.771] SERVER SCENE CHANGED: HeroSelection
[00:52:50.925] SERVER SPAWN: temp_player [connId=390219543], NetID: 13, SceneID: 0, AssetID: 1462839937
[00:52:50.925] SERVER SPAWN: HeroRegistry, NetID: 10, SceneID: 7442F4A3EAB31567, AssetID: 1831850035
[00:52:50.925] SERVER SPAWN: temp_player [connId=0], NetID: 12, SceneID: 0, AssetID: 1462839937
[00:52:50.926] SERVER SPAWN: HeroSelectionCanvas, NetID: 11, SceneID: 7442F4A325BB41ED, AssetID: 0
[00:52:50.926] SERVER SPAWN: HeroSelectionManager, NetID: 9, SceneID: 7442F4A30C7F5961, AssetID: 4181262340
[00:52:50.926] SERVER UNSPAWN: GameManager, NetID: 1
[00:52:50.926] SERVER UNSPAWN: TeamAssignment, NetID: 2
[00:52:50.926] SERVER UNSPAWN: HeroRegistry, NetID: 3
[00:52:50.926] SERVER UNSPAWN: TeamManager, NetID: 4
[00:52:50.926] SERVER UNSPAWN: HeroSelectionManager, NetID: 5
[00:52:50.926] SERVER UNSPAWN: LobbyManager, NetID: 6
[00:52:50.926] SERVER UNSPAWN: temp_player [connId=0], NetID: 7
[00:52:50.926] SERVER UNSPAWN: temp_player [connId=390219543], NetID: 8
[00:54:30.924] SERVER UNSPAWN: temp_player [connId=390219543], NetID: 13
=== Network Diagnostics Stopped at 18-03-2025 0:56:13 ===
