=== Network Diagnostics Started at 17-03-2025 20:52:44 ===
Active Scene: Lobby
Network Mode: Server
[20:52:44.454] NetworkDiagnostics initialized at 17-03-2025 20:52:44
[20:52:44.801] SERVER SPAWN: TeamManager, NetID: 1, SceneID: 3B57411B23E6E149, AssetID: 2613641029
[20:52:44.801] SERVER SPAWN: GameManager, NetID: 2, SceneID: 3B57411BDBAA8B3E, AssetID: 2598542897
[20:52:44.801] SERVER SPAWN: HeroSelectionManager, NetID: 3, SceneID: 3B57411B6EB7EE0B, AssetID: 4181262340
[20:52:44.801] SERVER SPAWN: TeamAssignment, NetID: 4, SceneID: 3B57411B6E483AD7, AssetID: 2920735973
[20:52:44.802] SERVER SPAWN: HeroRegistry, NetID: 5, SceneID: 3B57411BD603BA67, AssetID: 1831850035
[20:52:44.802] SERVER SPAWN: LobbyManager, NetID: 6, SceneID: 3B57411B17916B04, AssetID: 0
[20:52:44.802] SERVER SPAWN: temp_player [connId=0], NetID: 7, SceneID: 0, AssetID: 1462839937
[20:52:47.797] SERVER SPAWN: temp_player [connId=390223507], NetID: 8, SceneID: 0, AssetID: 1462839937
[20:52:56.098] SERVER SCENE CHANGED: HeroSelection
[20:52:56.340] SERVER SPAWN: temp_player [connId=390223507], NetID: 11, SceneID: 0, AssetID: 1462839937
[20:52:56.340] SERVER SPAWN: temp_player [connId=0], NetID: 10, SceneID: 0, AssetID: 1462839937
[20:52:56.340] SERVER SPAWN: HeroSelectionCanvas, NetID: 9, SceneID: 7442F4A325BB41ED, AssetID: 0
[20:52:56.340] SERVER UNSPAWN: TeamManager, NetID: 1
[20:52:56.341] SERVER UNSPAWN: GameManager, NetID: 2
[20:52:56.341] SERVER UNSPAWN: HeroSelectionManager, NetID: 3
[20:52:56.341] SERVER UNSPAWN: TeamAssignment, NetID: 4
[20:52:56.341] SERVER UNSPAWN: HeroRegistry, NetID: 5
[20:52:56.341] SERVER UNSPAWN: LobbyManager, NetID: 6
[20:52:56.341] SERVER UNSPAWN: temp_player [connId=0], NetID: 7
[20:52:56.341] SERVER UNSPAWN: temp_player [connId=390223507], NetID: 8
=== Network Diagnostics Stopped at 17-03-2025 21:06:21 ===
