=== Network Diagnostics Started at 17-03-2025 22:15:08 ===
Active Scene: MainMenu
Network Mode: Client
[22:15:08.335] NetworkDiagnostics initialized at 17-03-2025 22:15:08
[22:15:08.455] CLIENT SCENE CHANGED: Lobby
[22:15:08.931] CLIENT SPAWN: TeamManager, NetID: 1, SceneID: 3B57411B23E6E149, AssetID: 2613641029
[22:15:08.931] CLIENT SPAWN: HeroSelectionManager, NetID: 2, SceneID: 3B57411B6EB7EE0B, AssetID: 4181262340
[22:15:08.931] CLIENT SPAWN: TeamAssignment, NetID: 3, SceneID: 3B57411B6E483AD7, AssetID: 2920735973
[22:15:08.931] CLIENT SPAWN: HeroRegistry, NetID: 4, SceneID: 3B57411BD603BA67, AssetID: 1831850035
[22:15:08.932] CLIENT SPAWN: GameManager, NetID: 5, SceneID: 3B57411BDBAA8B3E, AssetID: 2598542897
[22:15:08.933] CLIENT SPAWN: LobbyManager, NetID: 6, SceneID: 3B57411B17916B04, AssetID: 0
[22:15:08.933] CLIENT SPAWN: temp_player(Clone), NetID: 7, SceneID: 0, AssetID: 1462839937
[22:15:08.933] CLIENT SPAWN: temp_player(Clone), NetID: 8, SceneID: 0, AssetID: 1462839937
[22:15:11.814] CLIENT SCENE CHANGED: HeroSelection
[22:15:11.926] CLIENT SPAWN: HeroRegistry, NetID: 9, SceneID: 7442F4A3EAB31567, AssetID: 1831850035
[22:15:11.927] CLIENT SPAWN: HeroSelectionManager, NetID: 10, SceneID: 7442F4A30C7F5961, AssetID: 4181262340
[22:15:11.927] CLIENT SPAWN: temp_player(Clone), NetID: 12, SceneID: 0, AssetID: 1462839937
[22:15:11.927] CLIENT SPAWN: HeroSelectionCanvas, NetID: 11, SceneID: 7442F4A325BB41ED, AssetID: 0
[22:15:11.927] CLIENT SPAWN: temp_player(Clone), NetID: 13, SceneID: 0, AssetID: 1462839937
[22:15:11.927] CLIENT UNSPAWN: TeamManager, NetID: 1
[22:15:11.927] CLIENT UNSPAWN: HeroSelectionManager, NetID: 2
[22:15:11.928] CLIENT UNSPAWN: TeamAssignment, NetID: 3
[22:15:11.928] CLIENT UNSPAWN: HeroRegistry, NetID: 4
[22:15:11.928] CLIENT UNSPAWN: GameManager, NetID: 5
[22:15:11.928] CLIENT UNSPAWN: LobbyManager, NetID: 6
[22:15:11.928] CLIENT UNSPAWN: temp_player(Clone), NetID: 7
[22:15:11.928] CLIENT UNSPAWN: temp_player(Clone), NetID: 8
[22:15:58.542] === NETWORK PREFAB DIAGNOSTICS ===
Network Manager: Network Manager
Registered Spawn Prefabs: 0

Registered Prefabs:

Current Spawned Objects:

Statistics:
- Total Spawns Detected: 0
- Failed Spawns: 0

=== Network Diagnostics Stopped at 17-03-2025 22:17:11 ===
