=== Network Diagnostics Started at 17-03-2025 19:38:33 ===
Active Scene: Lobby
Network Mode: Server
[19:38:33.552] NetworkDiagnostics initialized at 17-03-2025 19:38:33
[19:38:33.891] SERVER SPAWN: TeamManager, NetID: 1, SceneID: 23E6E149, AssetID: 2613641029
[19:38:33.892] SERVER SPAWN: HeroSelectionManager, NetID: 2, SceneID: 3B57411B6EB7EE0B, AssetID: 4181262340
[19:38:33.892] SERVER SPAWN: HeroRegistry, NetID: 3, SceneID: D603BA67, AssetID: 1831850035
[19:38:33.892] SERVER SPAWN: GameManager, NetID: 4, SceneID: DBAA8B3E, AssetID: 2598542897
[19:38:33.892] SERVER SPAWN: TeamAssignment, NetID: 5, SceneID: 3B57411B6E483AD7, AssetID: 2920735973
[19:38:33.892] SERVER SPAWN: LobbyManager, NetID: 6, SceneID: 3B57411B17916B04, AssetID: 0
[19:38:33.894] SERVER SPAWN: temp_player [connId=0], NetID: 7, SceneID: 0, AssetID: 1462839937
[19:38:38.390] SERVER SPAWN: temp_player [connId=390222143], NetID: 8, SceneID: 0, AssetID: 1462839937
[19:38:44.673] SERVER SCENE CHANGED: HeroSelection
[19:38:44.936] SERVER SPAWN: temp_player [connId=390222143], NetID: 10, SceneID: 0, AssetID: 1462839937
[19:38:44.936] SERVER SPAWN: temp_player [connId=0], NetID: 11, SceneID: 0, AssetID: 1462839937
[19:38:44.936] SERVER SPAWN: HeroSelectionCanvas, NetID: 9, SceneID: 7442F4A325BB41ED, AssetID: 0
[19:38:44.936] SERVER UNSPAWN: HeroSelectionManager, NetID: 2
[19:38:44.936] SERVER UNSPAWN: TeamAssignment, NetID: 5
[19:38:44.937] SERVER UNSPAWN: LobbyManager, NetID: 6
[19:38:44.937] SERVER UNSPAWN: temp_player [connId=0], NetID: 7
[19:38:44.937] SERVER UNSPAWN: temp_player [connId=390222143], NetID: 8
[19:38:50.939] SERVER UNSPAWN: temp_player [connId=390222143], NetID: 10
=== Network Diagnostics Stopped at 17-03-2025 19:38:58 ===
