=== Network Diagnostics Started at 18-03-2025 18:34:14 ===
Active Scene: Lobby
Network Mode: Server
[18:34:14.816] NetworkDiagnostics initialized at 18-03-2025 18:34:14
[18:34:15.178] SERVER SPAWN: TeamManager, NetID: 1, SceneID: 3B57411B23E6E149, AssetID: 2613641029
[18:34:15.178] SERVER SPAWN: HeroSelectionManager, NetID: 2, SceneID: 3B57411B6EB7EE0B, AssetID: 4181262340
[18:34:15.178] SERVER SPAWN: TeamAssignment, NetID: 3, SceneID: 3B57411B6E483AD7, AssetID: 2920735973
[18:34:15.179] SERVER SPAWN: HeroRegistry, NetID: 4, SceneID: 3B57411BD603BA67, AssetID: 1831850035
[18:34:15.179] SERVER SPAWN: GameManager, NetID: 5, SceneID: 3B57411BDBAA8B3E, AssetID: 2598542897
[18:34:15.180] SERVER SPAWN: LobbyManager, NetID: 6, SceneID: 3B57411B17916B04, AssetID: 0
[18:34:15.180] SERVER SPAWN: Kael [connId=0], NetID: 7, SceneID: 0, AssetID: 1462839937
[18:34:18.184] SERVER SPAWN: Kael [connId=390222309], NetID: 8, SceneID: 0, AssetID: 1462839937
[18:34:22.793] SERVER SCENE CHANGED: HeroSelection
[18:34:23.216] SERVER SPAWN: Kael [connId=0], NetID: 12, SceneID: 0, AssetID: 1462839937
[18:34:23.216] SERVER SPAWN: HeroSelectionCanvas, NetID: 11, SceneID: 7442F4A325BB41ED, AssetID: 0
[18:34:23.216] SERVER SPAWN: Kael [connId=390222309], NetID: 13, SceneID: 0, AssetID: 1462839937
[18:34:23.216] SERVER SPAWN: HeroRegistry, NetID: 10, SceneID: 7442F4A3EAB31567, AssetID: 1831850035
[18:34:23.216] SERVER SPAWN: HeroSelectionManager, NetID: 9, SceneID: 7442F4A30C7F5961, AssetID: 4181262340
[18:34:23.216] SERVER UNSPAWN: TeamManager, NetID: 1
[18:34:23.216] SERVER UNSPAWN: HeroSelectionManager, NetID: 2
[18:34:23.217] SERVER UNSPAWN: TeamAssignment, NetID: 3
[18:34:23.217] SERVER UNSPAWN: HeroRegistry, NetID: 4
[18:34:23.217] SERVER UNSPAWN: GameManager, NetID: 5
[18:34:23.217] SERVER UNSPAWN: LobbyManager, NetID: 6
[18:34:23.217] SERVER UNSPAWN: Kael [connId=0], NetID: 7
[18:34:23.218] SERVER UNSPAWN: Kael [connId=390222309], NetID: 8
[18:34:58.204] SERVER SCENE CHANGED: Gameplay
[18:34:58.274] SERVER SPAWN: Kael [connId=390222309], NetID: 19, SceneID: 0, AssetID: 1462839937
[18:34:58.274] SERVER SPAWN: TeamManager, NetID: 14, SceneID: 203917BD0514B671, AssetID: 2613641029
[18:34:58.275] SERVER SPAWN: GameManager, NetID: 15, SceneID: 203917BDFACD827B, AssetID: 2598542897
[18:34:58.275] SERVER SPAWN: GameHUD, NetID: 16, SceneID: 203917BDACD490AB, AssetID: 0
[18:34:58.275] SERVER SPAWN: PlayerSpawner, NetID: 17, SceneID: 203917BD546D8BE2, AssetID: 1579855149
[18:34:58.275] SERVER UNSPAWN: Kael [connId=0], NetID: 12
[18:34:58.275] SERVER UNSPAWN: HeroSelectionCanvas, NetID: 11
[18:34:58.275] SERVER UNSPAWN: Kael [connId=390222309], NetID: 13
[18:34:58.275] SERVER UNSPAWN: HeroRegistry, NetID: 10
[18:34:58.275] SERVER UNSPAWN: HeroSelectionManager, NetID: 9
[18:34:58.776] SERVER UNSPAWN: Kael [connId=390222309], NetID: 19
=== Network Diagnostics Stopped at 18-03-2025 18:40:34 ===
