=== Network Diagnostics Started at 17-03-2025 21:34:24 ===
Active Scene: MainMenu
Network Mode: Client
[21:34:24.579] NetworkDiagnostics initialized at 17-03-2025 21:34:24
[21:34:24.715] CLIENT SCENE CHANGED: Lobby
[21:34:25.138] CLIENT SPAWN: TeamAssignment, NetID: 1, SceneID: 3B57411B6E483AD7, AssetID: 2920735973
[21:34:25.139] CLIENT SPAWN: TeamManager, NetID: 2, SceneID: 3B57411B23E6E149, AssetID: 2613641029
[21:34:25.139] CLIENT SPAWN: HeroSelectionManager, NetID: 3, SceneID: 3B57411B6EB7EE0B, AssetID: 4181262340
[21:34:25.140] CLIENT SPAWN: HeroRegistry, NetID: 4, SceneID: 3B57411BD603BA67, AssetID: 1831850035
[21:34:25.140] CLIENT SPAWN: GameManager, NetID: 5, SceneID: 3B57411BDBAA8B3E, AssetID: 2598542897
[21:34:25.141] CLIENT SPAWN: LobbyManager, NetID: 6, SceneID: 3B57411B17916B04, AssetID: 0
[21:34:25.141] CLIENT SPAWN: temp_player(Clone), NetID: 7, SceneID: 0, AssetID: 1462839937
[21:34:25.142] CLIENT SPAWN: temp_player(Clone), NetID: 8, SceneID: 0, AssetID: 1462839937
[21:34:27.655] CLIENT SCENE CHANGED: HeroSelection
[21:34:28.170] CLIENT SPAWN: temp_player(Clone), NetID: 13, SceneID: 0, AssetID: 1462839937
[21:34:28.171] CLIENT SPAWN: HeroSelectionManager, NetID: 9, SceneID: 7442F4A30C7F5961, AssetID: 4181262340
[21:34:28.171] CLIENT SPAWN: HeroSelectionCanvas, NetID: 11, SceneID: 7442F4A325BB41ED, AssetID: 0
[21:34:28.171] CLIENT SPAWN: temp_player(Clone), NetID: 12, SceneID: 0, AssetID: 1462839937
[21:34:28.171] CLIENT UNSPAWN: TeamAssignment, NetID: 1
[21:34:28.171] CLIENT UNSPAWN: TeamManager, NetID: 2
[21:34:28.172] CLIENT UNSPAWN: HeroSelectionManager, NetID: 3
[21:34:28.172] CLIENT UNSPAWN: HeroRegistry, NetID: 4
[21:34:28.172] CLIENT UNSPAWN: GameManager, NetID: 5
[21:34:28.173] CLIENT UNSPAWN: LobbyManager, NetID: 6
[21:34:28.173] CLIENT UNSPAWN: temp_player(Clone), NetID: 7
[21:34:28.173] CLIENT UNSPAWN: temp_player(Clone), NetID: 8
=== Network Diagnostics Stopped at 17-03-2025 21:34:43 ===
