=== Network Diagnostics Started at 17-03-2025 21:59:52 ===
Active Scene: MainMenu
Network Mode: Client
[21:59:52.618] NetworkDiagnostics initialized at 17-03-2025 21:59:52
[21:59:52.723] CLIENT SCENE CHANGED: Lobby
[21:59:53.197] CLIENT SPAWN: GameManager, NetID: 1, SceneID: 3B57411BDBAA8B3E, AssetID: 2598542897
[21:59:53.197] CLIENT SPAWN: HeroSelectionManager, NetID: 2, SceneID: 3B57411B6EB7EE0B, AssetID: 4181262340
[21:59:53.197] CLIENT SPAWN: TeamManager, NetID: 3, SceneID: 3B57411B23E6E149, AssetID: 2613641029
[21:59:53.198] CLIENT SPAWN: TeamAssignment, NetID: 4, SceneID: 3B57411B6E483AD7, AssetID: 2920735973
[21:59:53.198] CLIENT SPAWN: HeroRegistry, NetID: 5, SceneID: 3B57411BD603BA67, AssetID: 1831850035
[21:59:53.199] CLIENT SPAWN: LobbyManager, NetID: 6, SceneID: 3B57411B17916B04, AssetID: 0
[21:59:53.199] CLIENT SPAWN: temp_player(Clone), NetID: 7, SceneID: 0, AssetID: 1462839937
[21:59:53.200] CLIENT SPAWN: temp_player(Clone), NetID: 8, SceneID: 0, AssetID: 1462839937
[21:59:58.814] CLIENT SCENE CHANGED: HeroSelection
[21:59:59.212] CLIENT SPAWN: temp_player(Clone), NetID: 13, SceneID: 0, AssetID: 1462839937
[21:59:59.212] CLIENT SPAWN: HeroSelectionManager, NetID: 9, SceneID: 7442F4A30C7F5961, AssetID: 4181262340
[21:59:59.212] CLIENT SPAWN: HeroSelectionCanvas, NetID: 11, SceneID: 7442F4A325BB41ED, AssetID: 0
[21:59:59.212] CLIENT SPAWN: HeroRegistry, NetID: 10, SceneID: 7442F4A3EAB31567, AssetID: 1831850035
[21:59:59.212] CLIENT SPAWN: temp_player(Clone), NetID: 12, SceneID: 0, AssetID: 1462839937
[21:59:59.213] CLIENT UNSPAWN: GameManager, NetID: 1
[21:59:59.213] CLIENT UNSPAWN: HeroSelectionManager, NetID: 2
[21:59:59.213] CLIENT UNSPAWN: TeamManager, NetID: 3
[21:59:59.214] CLIENT UNSPAWN: TeamAssignment, NetID: 4
[21:59:59.214] CLIENT UNSPAWN: HeroRegistry, NetID: 5
[21:59:59.214] CLIENT UNSPAWN: LobbyManager, NetID: 6
[21:59:59.214] CLIENT UNSPAWN: temp_player(Clone), NetID: 7
[21:59:59.215] CLIENT UNSPAWN: temp_player(Clone), NetID: 8
=== Network Diagnostics Stopped at 17-03-2025 22:10:36 ===
