=== Network Diagnostics Started at 18-03-2025 19:13:54 ===
Active Scene: MainMenu
Network Mode: Client
[19:13:54.832] NetworkDiagnostics initialized at 18-03-2025 19:13:54
[19:13:54.973] CLIENT SCENE CHANGED: Lobby
[19:13:55.413] CLIENT SPAWN: GameManager, NetID: 1, SceneID: 3B57411BDBAA8B3E, AssetID: 2598542897
[19:13:55.414] CLIENT SPAWN: TeamAssignment, NetID: 2, SceneID: 3B57411B6E483AD7, AssetID: 2920735973
[19:13:55.414] CLIENT SPAWN: HeroRegistry, NetID: 3, SceneID: 3B57411BD603BA67, AssetID: 1831850035
[19:13:55.414] CLIENT SPAWN: HeroSelectionManager, NetID: 4, SceneID: 3B57411B6EB7EE0B, AssetID: 4181262340
[19:13:55.415] CLIENT SPAWN: TeamManager, NetID: 5, SceneID: 3B57411B23E6E149, AssetID: 2613641029
[19:13:55.416] CLIENT SPAWN: LobbyManager, NetID: 6, SceneID: 3B57411B17916B04, AssetID: 0
[19:13:55.416] CLIENT SPAWN: Kael(Clone), NetID: 7, SceneID: 0, AssetID: 1462839937
[19:13:55.416] CLIENT SPAWN: Kael(Clone), NetID: 8, SceneID: 0, AssetID: 1462839937
[19:14:02.815] CLIENT SCENE CHANGED: HeroSelection
[19:14:02.927] CLIENT SPAWN: HeroRegistry, NetID: 10, SceneID: 7442F4A3EAB31567, AssetID: 1831850035
[19:14:02.928] CLIENT SPAWN: HeroSelectionCanvas, NetID: 11, SceneID: 7442F4A325BB41ED, AssetID: 0
[19:14:02.928] CLIENT SPAWN: Kael(Clone), NetID: 13, SceneID: 0, AssetID: 1462839937
[19:14:02.928] CLIENT SPAWN: HeroSelectionManager, NetID: 9, SceneID: 7442F4A30C7F5961, AssetID: 4181262340
[19:14:02.928] CLIENT SPAWN: Kael(Clone), NetID: 12, SceneID: 0, AssetID: 1462839937
[19:14:02.929] CLIENT UNSPAWN: GameManager, NetID: 1
[19:14:02.929] CLIENT UNSPAWN: TeamAssignment, NetID: 2
[19:14:02.929] CLIENT UNSPAWN: HeroRegistry, NetID: 3
[19:14:02.929] CLIENT UNSPAWN: HeroSelectionManager, NetID: 4
[19:14:02.929] CLIENT UNSPAWN: TeamManager, NetID: 5
[19:14:02.929] CLIENT UNSPAWN: LobbyManager, NetID: 6
[19:14:02.929] CLIENT UNSPAWN: Kael(Clone), NetID: 7
[19:14:02.930] CLIENT UNSPAWN: Kael(Clone), NetID: 8
[19:14:29.081] CLIENT SCENE CHANGED: Gameplay
[19:14:30.127] === NETWORK PREFAB DIAGNOSTICS ===
Network Manager: Network Manager
Registered Spawn Prefabs: 0

Registered Prefabs:

Current Spawned Objects:

Statistics:
- Total Spawns Detected: 0
- Failed Spawns: 0

=== Network Diagnostics Stopped at 18-03-2025 19:17:09 ===
