=== Network Diagnostics Started at 18-03-2025 0:52:40 ===
Active Scene: MainMenu
Network Mode: Client
[00:52:40.024] NetworkDiagnostics initialized at 18-03-2025 0:52:40
[00:52:40.165] CLIENT SCENE CHANGED: Lobby
[00:52:40.573] CLIENT SPAWN: GameManager, NetID: 1, SceneID: 3B57411BDBAA8B3E, AssetID: 2598542897
[00:52:40.573] CLIENT SPAWN: TeamAssignment, NetID: 2, SceneID: 3B57411B6E483AD7, AssetID: 2920735973
[00:52:40.573] CLIENT SPAWN: HeroRegistry, NetID: 3, SceneID: 3B57411BD603BA67, AssetID: 1831850035
[00:52:40.574] CLIENT SPAWN: TeamManager, NetID: 4, SceneID: 3B57411B23E6E149, AssetID: 2613641029
[00:52:40.574] CLIENT SPAWN: HeroSelectionManager, NetID: 5, SceneID: 3B57411B6EB7EE0B, AssetID: 4181262340
[00:52:40.575] CLIENT SPAWN: LobbyManager, NetID: 6, SceneID: 3B57411B17916B04, AssetID: 0
[00:52:40.575] CLIENT SPAWN: temp_player(Clone), NetID: 7, SceneID: 0, AssetID: 1462839937
[00:52:40.575] CLIENT SPAWN: temp_player(Clone), NetID: 8, SceneID: 0, AssetID: 1462839937
[00:52:50.805] CLIENT SCENE CHANGED: HeroSelection
[00:52:51.086] CLIENT SPAWN: HeroSelectionManager, NetID: 9, SceneID: 7442F4A30C7F5961, AssetID: 4181262340
[00:52:51.087] CLIENT SPAWN: temp_player(Clone), NetID: 13, SceneID: 0, AssetID: 1462839937
[00:52:51.087] CLIENT SPAWN: HeroRegistry, NetID: 10, SceneID: 7442F4A3EAB31567, AssetID: 1831850035
[00:52:51.087] CLIENT SPAWN: HeroSelectionCanvas, NetID: 11, SceneID: 7442F4A325BB41ED, AssetID: 0
[00:52:51.087] CLIENT SPAWN: temp_player(Clone), NetID: 12, SceneID: 0, AssetID: 1462839937
[00:52:51.087] CLIENT UNSPAWN: GameManager, NetID: 1
[00:52:51.089] CLIENT UNSPAWN: TeamAssignment, NetID: 2
[00:52:51.089] CLIENT UNSPAWN: HeroRegistry, NetID: 3
[00:52:51.090] CLIENT UNSPAWN: TeamManager, NetID: 4
[00:52:51.090] CLIENT UNSPAWN: HeroSelectionManager, NetID: 5
[00:52:51.090] CLIENT UNSPAWN: LobbyManager, NetID: 6
[00:52:51.090] CLIENT UNSPAWN: temp_player(Clone), NetID: 7
[00:52:51.090] CLIENT UNSPAWN: temp_player(Clone), NetID: 8
=== Network Diagnostics Stopped at 18-03-2025 0:54:30 ===
