=== Network Diagnostics Started at 18-03-2025 19:20:06 ===
Active Scene: Lobby
Network Mode: Server
[19:20:06.858] NetworkDiagnostics initialized at 18-03-2025 19:20:06
[19:20:07.216] SERVER SPAWN: TeamAssignment, NetID: 1, SceneID: 3B57411B6E483AD7, AssetID: 2920735973
[19:20:07.216] SERVER SPAWN: HeroSelectionManager, NetID: 2, SceneID: 3B57411B6EB7EE0B, AssetID: 4181262340
[19:20:07.216] SERVER SPAWN: HeroRegistry, NetID: 3, SceneID: 3B57411BD603BA67, AssetID: 1831850035
[19:20:07.217] SERVER SPAWN: TeamManager, NetID: 4, SceneID: 3B57411B23E6E149, AssetID: 2613641029
[19:20:07.217] SERVER SPAWN: GameManager, NetID: 5, SceneID: 3B57411BDBAA8B3E, AssetID: 2598542897
[19:20:07.218] SERVER SPAWN: LobbyManager, NetID: 6, SceneID: 3B57411B17916B04, AssetID: 0
[19:20:07.218] SERVER SPAWN: Kael [connId=0], NetID: 7, SceneID: 0, AssetID: 1462839937
[19:20:11.212] SERVER SPAWN: Kael [connId=390218093], NetID: 8, SceneID: 0, AssetID: 1462839937
[19:20:49.364] SERVER SCENE CHANGED: HeroSelection
[19:20:49.765] SERVER SPAWN: Kael [connId=0], NetID: 12, SceneID: 0, AssetID: 1462839937
[19:20:49.765] SERVER SPAWN: HeroRegistry, NetID: 10, SceneID: 7442F4A3EAB31567, AssetID: 1831850035
[19:20:49.765] SERVER SPAWN: HeroSelectionManager, NetID: 9, SceneID: 7442F4A30C7F5961, AssetID: 4181262340
[19:20:49.765] SERVER SPAWN: HeroSelectionCanvas, NetID: 11, SceneID: 7442F4A325BB41ED, AssetID: 0
[19:20:49.766] SERVER SPAWN: Kael [connId=390218093], NetID: 13, SceneID: 0, AssetID: 1462839937
[19:20:49.766] SERVER UNSPAWN: TeamAssignment, NetID: 1
[19:20:49.766] SERVER UNSPAWN: HeroSelectionManager, NetID: 2
[19:20:49.766] SERVER UNSPAWN: HeroRegistry, NetID: 3
[19:20:49.766] SERVER UNSPAWN: TeamManager, NetID: 4
[19:20:49.766] SERVER UNSPAWN: GameManager, NetID: 5
[19:20:49.766] SERVER UNSPAWN: LobbyManager, NetID: 6
[19:20:49.766] SERVER UNSPAWN: Kael [connId=0], NetID: 7
[19:20:49.766] SERVER UNSPAWN: Kael [connId=390218093], NetID: 8
[19:21:50.474] SERVER SCENE CHANGED: Gameplay
[19:21:50.830] SERVER SPAWN: PlayerSpawner, NetID: 17, SceneID: 203917BD546D8BE2, AssetID: 1579855149
[19:21:50.830] SERVER SPAWN: TeamManager, NetID: 14, SceneID: 203917BD0514B671, AssetID: 2613641029
[19:21:50.830] SERVER SPAWN: GameManager, NetID: 15, SceneID: 203917BDFACD827B, AssetID: 2598542897
[19:21:50.830] SERVER SPAWN: Kael [connId=0], NetID: 18, SceneID: 0, AssetID: 1462839937
[19:21:50.830] SERVER SPAWN: GameHUD, NetID: 16, SceneID: 203917BDACD490AB, AssetID: 0
[19:21:50.831] SERVER SPAWN: Kael [connId=390218093], NetID: 19, SceneID: 0, AssetID: 1462839937
[19:21:50.831] SERVER UNSPAWN: Kael [connId=0], NetID: 12
[19:21:50.831] SERVER UNSPAWN: HeroRegistry, NetID: 10
[19:21:50.831] SERVER UNSPAWN: HeroSelectionManager, NetID: 9
[19:21:50.831] SERVER UNSPAWN: HeroSelectionCanvas, NetID: 11
[19:21:50.831] SERVER UNSPAWN: Kael [connId=390218093], NetID: 13
=== Network Diagnostics Stopped at 18-03-2025 19:23:14 ===
