=== Network Diagnostics Started at 18-03-2025 12:37:28 ===
Active Scene: Lobby
Network Mode: Server
[12:37:28.472] NetworkDiagnostics initialized at 18-03-2025 12:37:28
[12:37:28.798] SERVER SPAWN: HeroSelectionManager, NetID: 1, SceneID: 3B57411B6EB7EE0B, AssetID: 4181262340
[12:37:28.798] SERVER SPAWN: TeamManager, NetID: 2, SceneID: 3B57411B23E6E149, AssetID: 2613641029
[12:37:28.798] SERVER SPAWN: TeamAssignment, NetID: 3, SceneID: 3B57411B6E483AD7, AssetID: 2920735973
[12:37:28.798] SERVER SPAWN: GameManager, NetID: 4, SceneID: 3B57411BDBAA8B3E, AssetID: 2598542897
[12:37:28.799] SERVER SPAWN: HeroRegistry, NetID: 5, SceneID: 3B57411BD603BA67, AssetID: 1831850035
[12:37:28.800] SERVER SPAWN: LobbyManager, NetID: 6, SceneID: 3B57411B17916B04, AssetID: 0
[12:37:28.800] SERVER SPAWN: Kael [connId=0], NetID: 7, SceneID: 0, AssetID: 1462839937
[12:37:32.293] SERVER SPAWN: Kael [connId=390227908], NetID: 8, SceneID: 0, AssetID: 1462839937
[12:37:38.871] SERVER SCENE CHANGED: HeroSelection
[12:37:39.336] SERVER SPAWN: Kael [connId=0], NetID: 12, SceneID: 0, AssetID: 1462839937
[12:37:39.336] SERVER SPAWN: Kael [connId=390227908], NetID: 13, SceneID: 0, AssetID: 1462839937
[12:37:39.337] SERVER SPAWN: HeroSelectionCanvas, NetID: 11, SceneID: 7442F4A325BB41ED, AssetID: 0
[12:37:39.337] SERVER SPAWN: HeroRegistry, NetID: 9, SceneID: 7442F4A3EAB31567, AssetID: 1831850035
[12:37:39.337] SERVER SPAWN: HeroSelectionManager, NetID: 10, SceneID: 7442F4A30C7F5961, AssetID: 4181262340
[12:37:39.337] SERVER UNSPAWN: HeroSelectionManager, NetID: 1
[12:37:39.337] SERVER UNSPAWN: TeamManager, NetID: 2
[12:37:39.337] SERVER UNSPAWN: TeamAssignment, NetID: 3
[12:37:39.337] SERVER UNSPAWN: GameManager, NetID: 4
[12:37:39.337] SERVER UNSPAWN: HeroRegistry, NetID: 5
[12:37:39.337] SERVER UNSPAWN: LobbyManager, NetID: 6
[12:37:39.337] SERVER UNSPAWN: Kael [connId=0], NetID: 7
[12:37:39.338] SERVER UNSPAWN: Kael [connId=390227908], NetID: 8
=== Network Diagnostics Stopped at 18-03-2025 12:39:11 ===
