=== Network Diagnostics Started at 17-03-2025 23:01:33 ===
Active Scene: MainMenu
Network Mode: Client
[23:01:33.324] NetworkDiagnostics initialized at 17-03-2025 23:01:33
[23:01:33.452] CLIENT SCENE CHANGED: Lobby
[23:01:33.921] CLIENT SPAWN: HeroSelectionManager, NetID: 1, SceneID: 3B57411B6EB7EE0B, AssetID: 4181262340
[23:01:33.922] CLIENT SPAWN: TeamManager, NetID: 2, SceneID: 3B57411B23E6E149, AssetID: 2613641029
[23:01:33.922] CLIENT SPAWN: TeamAssignment, NetID: 3, SceneID: 3B57411B6E483AD7, AssetID: 2920735973
[23:01:33.922] CLIENT SPAWN: GameManager, NetID: 4, SceneID: 3B57411BDBAA8B3E, AssetID: 2598542897
[23:01:33.922] CLIENT SPAWN: HeroRegistry, NetID: 5, SceneID: 3B57411BD603BA67, AssetID: 1831850035
[23:01:33.924] CLIENT SPAWN: LobbyManager, NetID: 6, SceneID: 3B57411B17916B04, AssetID: 0
[23:01:33.924] CLIENT SPAWN: temp_player(Clone), NetID: 7, SceneID: 0, AssetID: 1462839937
[23:01:33.924] CLIENT SPAWN: temp_player(Clone), NetID: 8, SceneID: 0, AssetID: 1462839937
[23:01:37.923] CLIENT SCENE CHANGED: HeroSelection
[23:01:37.924] CLIENT UNSPAWN: HeroSelectionManager, NetID: 1
[23:01:37.924] CLIENT UNSPAWN: TeamManager, NetID: 2
[23:01:37.924] CLIENT UNSPAWN: TeamAssignment, NetID: 3
[23:01:37.924] CLIENT UNSPAWN: GameManager, NetID: 4
[23:01:37.924] CLIENT UNSPAWN: HeroRegistry, NetID: 5
[23:01:37.924] CLIENT UNSPAWN: LobbyManager, NetID: 6
[23:01:37.925] CLIENT UNSPAWN: temp_player(Clone), NetID: 7
[23:01:37.925] CLIENT UNSPAWN: temp_player(Clone), NetID: 8
[23:01:38.437] CLIENT SPAWN: HeroSelectionCanvas, NetID: 11, SceneID: 7442F4A325BB41ED, AssetID: 0
[23:01:38.437] CLIENT SPAWN: HeroSelectionManager, NetID: 10, SceneID: 7442F4A30C7F5961, AssetID: 4181262340
[23:01:38.437] CLIENT SPAWN: HeroRegistry, NetID: 9, SceneID: 7442F4A3EAB31567, AssetID: 1831850035
[23:01:38.437] CLIENT SPAWN: temp_player(Clone), NetID: 13, SceneID: 0, AssetID: 1462839937
[23:01:38.438] CLIENT SPAWN: temp_player(Clone), NetID: 12, SceneID: 0, AssetID: 1462839937
[23:02:22.801] === NETWORK PREFAB DIAGNOSTICS ===
Network Manager: Network Manager
Registered Spawn Prefabs: 0

Registered Prefabs:

Current Spawned Objects:

Statistics:
- Total Spawns Detected: 0
- Failed Spawns: 0

[23:02:52.886] CLIENT SCENE CHANGED: Lobby
[23:02:52.949] CLIENT SPAWN: HeroRegistry, NetID: 1, SceneID: 3B57411BD603BA67, AssetID: 1831850035
[23:02:52.949] CLIENT SPAWN: TeamManager, NetID: 2, SceneID: 3B57411B23E6E149, AssetID: 2613641029
[23:02:52.949] CLIENT SPAWN: TeamAssignment, NetID: 3, SceneID: 3B57411B6E483AD7, AssetID: 2920735973
[23:02:52.949] CLIENT SPAWN: GameManager, NetID: 4, SceneID: 3B57411BDBAA8B3E, AssetID: 2598542897
[23:02:52.950] CLIENT SPAWN: HeroSelectionManager, NetID: 5, SceneID: 3B57411B6EB7EE0B, AssetID: 4181262340
[23:02:52.950] CLIENT SPAWN: LobbyManager, NetID: 6, SceneID: 3B57411B17916B04, AssetID: 0
[23:02:52.950] CLIENT SPAWN: temp_player(Clone), NetID: 7, SceneID: 0, AssetID: 1462839937
[23:02:52.950] CLIENT SPAWN: temp_player(Clone), NetID: 8, SceneID: 0, AssetID: 1462839937
[23:02:58.645] CLIENT SCENE CHANGED: HeroSelection
[23:02:58.976] CLIENT SPAWN: HeroSelectionManager, NetID: 10, SceneID: 7442F4A30C7F5961, AssetID: 4181262340
[23:02:58.976] CLIENT SPAWN: temp_player(Clone), NetID: 13, SceneID: 0, AssetID: 1462839937
[23:02:58.976] CLIENT SPAWN: HeroSelectionCanvas, NetID: 11, SceneID: 7442F4A325BB41ED, AssetID: 0
[23:02:58.976] CLIENT SPAWN: HeroRegistry, NetID: 9, SceneID: 7442F4A3EAB31567, AssetID: 1831850035
[23:02:58.977] CLIENT SPAWN: temp_player(Clone), NetID: 12, SceneID: 0, AssetID: 1462839937
[23:02:58.977] CLIENT UNSPAWN: HeroRegistry, NetID: 1
[23:02:58.977] CLIENT UNSPAWN: TeamManager, NetID: 2
[23:02:58.977] CLIENT UNSPAWN: TeamAssignment, NetID: 3
[23:02:58.977] CLIENT UNSPAWN: GameManager, NetID: 4
[23:02:58.977] CLIENT UNSPAWN: HeroSelectionManager, NetID: 5
[23:02:58.978] CLIENT UNSPAWN: LobbyManager, NetID: 6
[23:02:58.978] CLIENT UNSPAWN: temp_player(Clone), NetID: 7
[23:02:58.978] CLIENT UNSPAWN: temp_player(Clone), NetID: 8
[23:04:07.880] === NETWORK PREFAB DIAGNOSTICS ===
Network Manager: Network Manager
Registered Spawn Prefabs: 0

Registered Prefabs:

Current Spawned Objects:

Statistics:
- Total Spawns Detected: 0
- Failed Spawns: 0

=== Network Diagnostics Stopped at 17-03-2025 23:09:26 ===
