=== Network Diagnostics Started at 18-03-2025 12:14:59 ===
Active Scene: MainMenu
Network Mode: Client
[12:14:59.447] NetworkDiagnostics initialized at 18-03-2025 12:14:59
[12:14:59.564] CLIENT SCENE CHANGED: Lobby
[12:14:59.988] CLIENT SPAWN: TeamAssignment, NetID: 1, SceneID: 3B57411B6E483AD7, AssetID: 2920735973
[12:14:59.988] CLIENT SPAWN: HeroRegistry, NetID: 2, SceneID: 3B57411BD603BA67, AssetID: 1831850035
[12:14:59.988] CLIENT SPAWN: HeroSelectionManager, NetID: 3, SceneID: 3B57411B6EB7EE0B, AssetID: 4181262340
[12:14:59.989] CLIENT SPAWN: GameManager, NetID: 4, SceneID: 3B57411BDBAA8B3E, AssetID: 2598542897
[12:14:59.989] CLIENT SPAWN: TeamManager, NetID: 5, SceneID: 3B57411B23E6E149, AssetID: 2613641029
[12:14:59.990] CLIENT SPAWN: LobbyManager, NetID: 6, SceneID: 3B57411B17916B04, AssetID: 0
[12:14:59.990] CLIENT SPAWN: Kael(Clone), NetID: 7, SceneID: 0, AssetID: 1462839937
[12:14:59.990] CLIENT SPAWN: Kael(Clone), NetID: 8, SceneID: 0, AssetID: 1462839937
[12:15:05.121] CLIENT SCENE CHANGED: HeroSelection
[12:15:05.501] CLIENT SPAWN: HeroRegistry, NetID: 10, SceneID: 7442F4A3EAB31567, AssetID: 1831850035
[12:15:05.501] CLIENT SPAWN: HeroSelectionCanvas, NetID: 11, SceneID: 7442F4A325BB41ED, AssetID: 0
[12:15:05.501] CLIENT SPAWN: Kael(Clone), NetID: 13, SceneID: 0, AssetID: 1462839937
[12:15:05.501] CLIENT SPAWN: Kael(Clone), NetID: 12, SceneID: 0, AssetID: 1462839937
[12:15:05.501] CLIENT SPAWN: HeroSelectionManager, NetID: 9, SceneID: 7442F4A30C7F5961, AssetID: 4181262340
[12:15:05.502] CLIENT UNSPAWN: TeamAssignment, NetID: 1
[12:15:05.502] CLIENT UNSPAWN: HeroRegistry, NetID: 2
[12:15:05.502] CLIENT UNSPAWN: HeroSelectionManager, NetID: 3
[12:15:05.502] CLIENT UNSPAWN: GameManager, NetID: 4
[12:15:05.502] CLIENT UNSPAWN: TeamManager, NetID: 5
[12:15:05.502] CLIENT UNSPAWN: LobbyManager, NetID: 6
[12:15:05.502] CLIENT UNSPAWN: Kael(Clone), NetID: 7
[12:15:05.502] CLIENT UNSPAWN: Kael(Clone), NetID: 8
=== Network Diagnostics Stopped at 18-03-2025 12:16:38 ===
