=== Network Diagnostics Started at 17-03-2025 19:17:05 ===
Active Scene: MainMenu
Network Mode: Client
[19:17:05.715] NetworkDiagnostics initialized at 17-03-2025 19:17:05
[19:17:05.959] CLIENT SCENE CHANGED: Lobby
[19:17:06.284] CLIENT SPAWN: TeamManager, NetID: 1, SceneID: 3B57411B23E6E149, AssetID: 2613641029
[19:17:06.284] CLIENT SPAWN: HeroRegistry, NetID: 2, SceneID: 3B57411BD603BA67, AssetID: 1831850035
[19:17:06.284] CLIENT SPAWN: GameManager, NetID: 3, SceneID: 3B57411BDBAA8B3E, AssetID: 2598542897
[19:17:06.285] CLIENT SPAWN: TeamAssignment, NetID: 4, SceneID: 3B57411B6E483AD7, AssetID: 2920735973
[19:17:06.285] CLIENT SPAWN: HeroSelectionManager, NetID: 5, SceneID: 3B57411B6EB7EE0B, AssetID: 4181262340
[19:17:06.286] CLIENT SPAWN: LobbyManager, NetID: 6, SceneID: 3B57411B17916B04, AssetID: 0
[19:17:06.286] CLIENT SPAWN: temp_player(Clone), NetID: 7, SceneID: 0, AssetID: 1462839937
[19:17:06.286] CLIENT SPAWN: temp_player(Clone), NetID: 8, SceneID: 0, AssetID: 1462839937
[19:17:43.699] CLIENT SCENE CHANGED: HeroSelection
[19:17:44.748] === NETWORK PREFAB DIAGNOSTICS ===
Network Manager: Network Manager
Registered Spawn Prefabs: 0

Registered Prefabs:

Current Spawned Objects:

Statistics:
- Total Spawns Detected: 0
- Failed Spawns: 0

=== Network Diagnostics Stopped at 17-03-2025 19:20:37 ===
