=== Network Diagnostics Started at 17-03-2025 21:34:21 ===
Active Scene: Lobby
Network Mode: Server
[21:34:21.827] NetworkDiagnostics initialized at 17-03-2025 21:34:21
[21:34:22.168] SERVER SPAWN: TeamAssignment, NetID: 1, SceneID: 3B57411B6E483AD7, AssetID: 2920735973
[21:34:22.168] SERVER SPAWN: TeamManager, NetID: 2, SceneID: 3B57411B23E6E149, AssetID: 2613641029
[21:34:22.168] SERVER SPAWN: HeroSelectionManager, NetID: 3, SceneID: 3B57411B6EB7EE0B, AssetID: 4181262340
[21:34:22.169] SERVER SPAWN: HeroRegistry, NetID: 4, SceneID: 3B57411BD603BA67, AssetID: 1831850035
[21:34:22.169] SERVER SPAWN: GameManager, NetID: 5, SceneID: 3B57411BDBAA8B3E, AssetID: 2598542897
[21:34:22.171] SERVER SPAWN: LobbyManager, NetID: 6, SceneID: 3B57411B17916B04, AssetID: 0
[21:34:22.171] SERVER SPAWN: temp_player [connId=0], NetID: 7, SceneID: 0, AssetID: 1462839937
[21:34:25.163] SERVER SPAWN: temp_player [connId=390219714], NetID: 8, SceneID: 0, AssetID: 1462839937
[21:34:27.614] SERVER SCENE CHANGED: HeroSelection
[21:34:27.713] SERVER SPAWN: temp_player [connId=0], NetID: 12, SceneID: 0, AssetID: 1462839937
[21:34:27.714] SERVER SPAWN: HeroSelectionCanvas, NetID: 11, SceneID: 7442F4A325BB41ED, AssetID: 0
[21:34:27.714] SERVER SPAWN: HeroRegistry, NetID: 10, SceneID: EAB31567, AssetID: 1831850035
[21:34:27.714] SERVER SPAWN: HeroSelectionManager, NetID: 9, SceneID: 7442F4A30C7F5961, AssetID: 4181262340
[21:34:27.714] SERVER SPAWN: temp_player [connId=390219714], NetID: 13, SceneID: 0, AssetID: 1462839937
[21:34:27.714] SERVER UNSPAWN: TeamAssignment, NetID: 1
[21:34:27.714] SERVER UNSPAWN: TeamManager, NetID: 2
[21:34:27.714] SERVER UNSPAWN: HeroSelectionManager, NetID: 3
[21:34:27.715] SERVER UNSPAWN: HeroRegistry, NetID: 4
[21:34:27.715] SERVER UNSPAWN: GameManager, NetID: 5
[21:34:27.715] SERVER UNSPAWN: LobbyManager, NetID: 6
[21:34:27.715] SERVER UNSPAWN: temp_player [connId=0], NetID: 7
[21:34:27.715] SERVER UNSPAWN: temp_player [connId=390219714], NetID: 8
[21:34:43.714] SERVER UNSPAWN: temp_player [connId=390219714], NetID: 13
=== Network Diagnostics Stopped at 17-03-2025 21:34:46 ===
