=== Network Diagnostics Started at 18-03-2025 12:37:31 ===
Active Scene: MainMenu
Network Mode: Client
[12:37:31.755] NetworkDiagnostics initialized at 18-03-2025 12:37:31
[12:37:31.878] CLIENT SCENE CHANGED: Lobby
[12:37:32.352] CLIENT SPAWN: HeroSelectionManager, NetID: 1, SceneID: 3B57411B6EB7EE0B, AssetID: 4181262340
[12:37:32.352] CLIENT SPAWN: TeamManager, NetID: 2, SceneID: 3B57411B23E6E149, AssetID: 2613641029
[12:37:32.352] CLIENT SPAWN: TeamAssignment, NetID: 3, SceneID: 3B57411B6E483AD7, AssetID: 2920735973
[12:37:32.353] CLIENT SPAWN: GameManager, NetID: 4, SceneID: 3B57411BDBAA8B3E, AssetID: 2598542897
[12:37:32.353] CLIENT SPAWN: HeroRegistry, NetID: 5, SceneID: 3B57411BD603BA67, AssetID: 1831850035
[12:37:32.354] CLIENT SPAWN: LobbyManager, NetID: 6, SceneID: 3B57411B17916B04, AssetID: 0
[12:37:32.355] CLIENT SPAWN: Kael(Clone), NetID: 7, SceneID: 0, AssetID: 1462839937
[12:37:32.355] CLIENT SPAWN: Kael(Clone), NetID: 8, SceneID: 0, AssetID: 1462839937
[12:37:38.904] CLIENT SCENE CHANGED: HeroSelection
[12:37:39.366] CLIENT SPAWN: HeroSelectionCanvas, NetID: 11, SceneID: 7442F4A325BB41ED, AssetID: 0
[12:37:39.367] CLIENT SPAWN: HeroRegistry, NetID: 9, SceneID: 7442F4A3EAB31567, AssetID: 1831850035
[12:37:39.367] CLIENT SPAWN: HeroSelectionManager, NetID: 10, SceneID: 7442F4A30C7F5961, AssetID: 4181262340
[12:37:39.367] CLIENT SPAWN: Kael(Clone), NetID: 13, SceneID: 0, AssetID: 1462839937
[12:37:39.367] CLIENT SPAWN: Kael(Clone), NetID: 12, SceneID: 0, AssetID: 1462839937
[12:37:39.367] CLIENT UNSPAWN: HeroSelectionManager, NetID: 1
[12:37:39.367] CLIENT UNSPAWN: TeamManager, NetID: 2
[12:37:39.367] CLIENT UNSPAWN: TeamAssignment, NetID: 3
[12:37:39.367] CLIENT UNSPAWN: GameManager, NetID: 4
[12:37:39.368] CLIENT UNSPAWN: HeroRegistry, NetID: 5
[12:37:39.368] CLIENT UNSPAWN: LobbyManager, NetID: 6
[12:37:39.368] CLIENT UNSPAWN: Kael(Clone), NetID: 7
[12:37:39.368] CLIENT UNSPAWN: Kael(Clone), NetID: 8
[12:39:12.296] === NETWORK PREFAB DIAGNOSTICS ===
Network Manager: Network Manager
Registered Spawn Prefabs: 0

Registered Prefabs:

Current Spawned Objects:

Statistics:
- Total Spawns Detected: 0
- Failed Spawns: 0

=== Network Diagnostics Stopped at 18-03-2025 12:39:14 ===
