=== Network Diagnostics Started at 18-03-2025 18:12:57 ===
Active Scene: Lobby
Network Mode: Server
[18:12:57.309] NetworkDiagnostics initialized at 18-03-2025 18:12:57
[18:12:57.649] SERVER SPAWN: TeamManager, NetID: 1, SceneID: 3B57411B23E6E149, AssetID: 2613641029
[18:12:57.649] SERVER SPAWN: HeroRegistry, NetID: 2, SceneID: 3B57411BD603BA67, AssetID: 1831850035
[18:12:57.649] SERVER SPAWN: GameManager, NetID: 3, SceneID: 3B57411BDBAA8B3E, AssetID: 2598542897
[18:12:57.650] SERVER SPAWN: HeroSelectionManager, NetID: 4, SceneID: 3B57411B6EB7EE0B, AssetID: 4181262340
[18:12:57.650] SERVER SPAWN: TeamAssignment, NetID: 5, SceneID: 3B57411B6E483AD7, AssetID: 2920735973
[18:12:57.651] SERVER SPAWN: LobbyManager, NetID: 6, SceneID: 3B57411B17916B04, AssetID: 0
[18:12:57.651] SERVER SPAWN: Kael [connId=0], NetID: 7, SceneID: 0, AssetID: 1462839937
[18:13:02.146] SERVER SPAWN: Kael [connId=390218114], NetID: 8, SceneID: 0, AssetID: 1462839937
[18:13:06.990] SERVER SCENE CHANGED: HeroSelection
[18:13:07.200] SERVER SPAWN: Kael [connId=0], NetID: 12, SceneID: 0, AssetID: 1462839937
[18:13:07.200] SERVER SPAWN: Kael [connId=390218114], NetID: 13, SceneID: 0, AssetID: 1462839937
[18:13:07.200] SERVER SPAWN: HeroRegistry, NetID: 10, SceneID: 7442F4A3EAB31567, AssetID: 1831850035
[18:13:07.201] SERVER SPAWN: HeroSelectionCanvas, NetID: 11, SceneID: 7442F4A325BB41ED, AssetID: 0
[18:13:07.201] SERVER SPAWN: HeroSelectionManager, NetID: 9, SceneID: 7442F4A30C7F5961, AssetID: 4181262340
[18:13:07.201] SERVER UNSPAWN: TeamManager, NetID: 1
[18:13:07.201] SERVER UNSPAWN: HeroRegistry, NetID: 2
[18:13:07.201] SERVER UNSPAWN: GameManager, NetID: 3
[18:13:07.201] SERVER UNSPAWN: HeroSelectionManager, NetID: 4
[18:13:07.201] SERVER UNSPAWN: TeamAssignment, NetID: 5
[18:13:07.201] SERVER UNSPAWN: LobbyManager, NetID: 6
[18:13:07.202] SERVER UNSPAWN: Kael [connId=0], NetID: 7
[18:13:07.202] SERVER UNSPAWN: Kael [connId=390218114], NetID: 8
[18:13:51.718] SERVER SCENE CHANGED: Gameplay
[18:13:51.780] SERVER SPAWN: Kael [connId=390218114], NetID: 18, SceneID: 0, AssetID: 1462839937
[18:13:51.780] SERVER SPAWN: PlayerSpawner, NetID: 17, SceneID: 203917BD546D8BE2, AssetID: 1579855149
[18:13:51.780] SERVER SPAWN: GameManager, NetID: 15, SceneID: 203917BDFACD827B, AssetID: 2598542897
[18:13:51.781] SERVER SPAWN: TeamManager, NetID: 14, SceneID: 203917BD0514B671, AssetID: 2613641029
[18:13:51.781] SERVER SPAWN: GameHUD, NetID: 16, SceneID: 203917BDACD490AB, AssetID: 0
[18:13:51.781] SERVER UNSPAWN: Kael [connId=0], NetID: 12
[18:13:51.781] SERVER UNSPAWN: Kael [connId=390218114], NetID: 13
[18:13:51.781] SERVER UNSPAWN: HeroRegistry, NetID: 10
[18:13:51.781] SERVER UNSPAWN: HeroSelectionCanvas, NetID: 11
[18:13:51.782] SERVER UNSPAWN: HeroSelectionManager, NetID: 9
[18:13:52.265] SERVER UNSPAWN: Kael [connId=390218114], NetID: 18
=== Network Diagnostics Stopped at 18-03-2025 18:26:57 ===
