=== Network Diagnostics Started at 17-03-2025 21:12:58 ===
Active Scene: Lobby
Network Mode: Server
[21:12:58.566] NetworkDiagnostics initialized at 17-03-2025 21:12:58
[21:12:58.874] SERVER SPAWN: TeamAssignment, NetID: 1, SceneID: 6E483AD7, AssetID: 2920735973
[21:12:58.874] SERVER SPAWN: TeamManager, NetID: 2, SceneID: 23E6E149, AssetID: 2613641029
[21:12:58.874] SERVER SPAWN: HeroSelectionManager, NetID: 3, SceneID: 6EB7EE0B, AssetID: 4181262340
[21:12:58.874] SERVER SPAWN: HeroRegistry, NetID: 4, SceneID: D603BA67, AssetID: 1831850035
[21:12:58.874] SERVER SPAWN: GameManager, NetID: 5, SceneID: DBAA8B3E, AssetID: 2598542897
[21:12:58.875] SERVER SPAWN: LobbyManager, NetID: 6, SceneID: 3B57411B17916B04, AssetID: 0
[21:12:58.876] SERVER SPAWN: temp_player [connId=0], NetID: 7, SceneID: 0, AssetID: 1462839937
[21:13:07.870] SERVER SPAWN: temp_player [connId=390223560], NetID: 8, SceneID: 0, AssetID: 1462839937
[21:13:11.323] SERVER SCENE CHANGED: HeroSelection
[21:13:11.431] SERVER SPAWN: temp_player [connId=390223560], NetID: 11, SceneID: 0, AssetID: 1462839937
[21:13:11.431] SERVER SPAWN: HeroSelectionCanvas, NetID: 9, SceneID: 7442F4A325BB41ED, AssetID: 0
[21:13:11.431] SERVER UNSPAWN: LobbyManager, NetID: 6
[21:13:11.431] SERVER UNSPAWN: temp_player [connId=0], NetID: 7
[21:13:11.431] SERVER UNSPAWN: temp_player [connId=390223560], NetID: 8
[21:13:16.431] SERVER UNSPAWN: temp_player [connId=390223560], NetID: 11
=== Network Diagnostics Stopped at 17-03-2025 21:13:53 ===
