=== Network Diagnostics Started at 17-03-2025 21:59:50 ===
Active Scene: Lobby
Network Mode: Server
[21:59:50.005] NetworkDiagnostics initialized at 17-03-2025 21:59:50
[21:59:50.371] SERVER SPAWN: GameManager, NetID: 1, SceneID: 3B57411BDBAA8B3E, AssetID: 2598542897
[21:59:50.371] SERVER SPAWN: HeroSelectionManager, NetID: 2, SceneID: 3B57411B6EB7EE0B, AssetID: 4181262340
[21:59:50.371] SERVER SPAWN: TeamManager, NetID: 3, SceneID: 3B57411B23E6E149, AssetID: 2613641029
[21:59:50.371] SERVER SPAWN: TeamAssignment, NetID: 4, SceneID: 3B57411B6E483AD7, AssetID: 2920735973
[21:59:50.371] SERVER SPAWN: HeroRegistry, NetID: 5, SceneID: 3B57411BD603BA67, AssetID: 1831850035
[21:59:50.373] SERVER SPAWN: LobbyManager, NetID: 6, SceneID: 3B57411B17916B04, AssetID: 0
[21:59:50.373] SERVER SPAWN: temp_player [connId=0], NetID: 7, SceneID: 0, AssetID: 1462839937
[21:59:52.866] SERVER SPAWN: temp_player [connId=390233766], NetID: 8, SceneID: 0, AssetID: 1462839937
[21:59:58.782] SERVER SCENE CHANGED: HeroSelection
[21:59:58.914] SERVER SPAWN: temp_player [connId=390233766], NetID: 13, SceneID: 0, AssetID: 1462839937
[21:59:58.914] SERVER SPAWN: HeroRegistry, NetID: 10, SceneID: 7442F4A3EAB31567, AssetID: 1831850035
[21:59:58.915] SERVER SPAWN: HeroSelectionCanvas, NetID: 11, SceneID: 7442F4A325BB41ED, AssetID: 0
[21:59:58.915] SERVER SPAWN: temp_player [connId=0], NetID: 12, SceneID: 0, AssetID: 1462839937
[21:59:58.915] SERVER SPAWN: HeroSelectionManager, NetID: 9, SceneID: 7442F4A30C7F5961, AssetID: 4181262340
[21:59:58.915] SERVER UNSPAWN: GameManager, NetID: 1
[21:59:58.915] SERVER UNSPAWN: HeroSelectionManager, NetID: 2
[21:59:58.915] SERVER UNSPAWN: TeamManager, NetID: 3
[21:59:58.915] SERVER UNSPAWN: TeamAssignment, NetID: 4
[21:59:58.915] SERVER UNSPAWN: HeroRegistry, NetID: 5
[21:59:58.916] SERVER UNSPAWN: LobbyManager, NetID: 6
[21:59:58.916] SERVER UNSPAWN: temp_player [connId=0], NetID: 7
[21:59:58.916] SERVER UNSPAWN: temp_player [connId=390233766], NetID: 8
[22:10:36.418] SERVER UNSPAWN: temp_player [connId=390233766], NetID: 13
=== Network Diagnostics Stopped at 17-03-2025 22:10:54 ===
