=== Network Diagnostics Started at 18-03-2025 19:50:45 ===
Active Scene: MainMenu
Network Mode: Client
[19:50:45.583] NetworkDiagnostics initialized at 18-03-2025 19:50:45
[19:50:45.732] CLIENT SCENE CHANGED: Lobby
[19:50:46.147] CLIENT SPAWN: TeamAssignment, NetID: 1, SceneID: 3B57411B6E483AD7, AssetID: 2920735973
[19:50:46.147] CLIENT SPAWN: HeroSelectionManager, NetID: 2, SceneID: 3B57411B6EB7EE0B, AssetID: 4181262340
[19:50:46.147] CLIENT SPAWN: GameManager, NetID: 3, SceneID: 3B57411BDBAA8B3E, AssetID: 2598542897
[19:50:46.148] CLIENT SPAWN: TeamManager, NetID: 4, SceneID: 3B57411B23E6E149, AssetID: 2613641029
[19:50:46.148] CLIENT SPAWN: HeroRegistry, NetID: 5, SceneID: 3B57411BD603BA67, AssetID: 1831850035
[19:50:46.149] CLIENT SPAWN: LobbyManager, NetID: 6, SceneID: 3B57411B17916B04, AssetID: 0
[19:50:46.149] CLIENT SPAWN: Kael(Clone), NetID: 7, SceneID: 0, AssetID: 1462839937
[19:50:46.149] CLIENT SPAWN: Kael(Clone), NetID: 8, SceneID: 0, AssetID: 1462839937
[19:50:49.649] CLIENT SCENE CHANGED: HeroSelection
[19:50:49.649] CLIENT UNSPAWN: TeamAssignment, NetID: 1
[19:50:49.650] CLIENT UNSPAWN: HeroSelectionManager, NetID: 2
[19:50:49.650] CLIENT UNSPAWN: GameManager, NetID: 3
[19:50:49.650] CLIENT UNSPAWN: TeamManager, NetID: 4
[19:50:49.650] CLIENT UNSPAWN: HeroRegistry, NetID: 5
[19:50:49.651] CLIENT UNSPAWN: LobbyManager, NetID: 6
[19:50:49.651] CLIENT UNSPAWN: Kael(Clone), NetID: 7
[19:50:49.651] CLIENT UNSPAWN: Kael(Clone), NetID: 8
[19:50:50.178] CLIENT SPAWN: Kael(Clone), NetID: 13, SceneID: 0, AssetID: 1462839937
[19:50:50.178] CLIENT SPAWN: HeroSelectionManager, NetID: 10, SceneID: 7442F4A30C7F5961, AssetID: 4181262340
[19:50:50.178] CLIENT SPAWN: HeroRegistry, NetID: 9, SceneID: 7442F4A3EAB31567, AssetID: 1831850035
[19:50:50.178] CLIENT SPAWN: Kael(Clone), NetID: 12, SceneID: 0, AssetID: 1462839937
[19:50:50.179] CLIENT SPAWN: HeroSelectionCanvas, NetID: 11, SceneID: 7442F4A325BB41ED, AssetID: 0
[19:51:04.217] CLIENT SCENE CHANGED: Gameplay
[19:51:04.695] CLIENT SPAWN: GameHUD, NetID: 16, SceneID: 203917BDACD490AB, AssetID: 0
[19:51:04.695] CLIENT SPAWN: PlayerSpawner, NetID: 17, SceneID: 203917BD546D8BE2, AssetID: 1579855149
[19:51:04.695] CLIENT SPAWN: Kael(Clone), NetID: 19, SceneID: 0, AssetID: 1462839937
[19:51:04.695] CLIENT SPAWN: GameManager, NetID: 15, SceneID: 203917BDFACD827B, AssetID: 2598542897
[19:51:04.695] CLIENT SPAWN: Kael(Clone), NetID: 18, SceneID: 0, AssetID: 1462839937
[19:51:04.695] CLIENT SPAWN: TeamManager, NetID: 14, SceneID: 203917BD0514B671, AssetID: 2613641029
[19:51:04.696] CLIENT UNSPAWN: Kael(Clone), NetID: 13
[19:51:04.696] CLIENT UNSPAWN: HeroSelectionManager, NetID: 10
[19:51:04.696] CLIENT UNSPAWN: HeroRegistry, NetID: 9
[19:51:04.696] CLIENT UNSPAWN: Kael(Clone), NetID: 12
[19:51:04.696] CLIENT UNSPAWN: HeroSelectionCanvas, NetID: 11
=== Network Diagnostics Stopped at 18-03-2025 19:51:30 ===
