=== Network Diagnostics Started at 17-03-2025 21:15:06 ===
Active Scene: Lobby
Network Mode: Server
[21:15:06.739] NetworkDiagnostics initialized at 17-03-2025 21:15:06
[21:15:07.068] SERVER SPAWN: TeamAssignment, NetID: 1, SceneID: 3B57411B6E483AD7, AssetID: 2920735973
[21:15:07.068] SERVER SPAWN: HeroSelectionManager, NetID: 2, SceneID: 3B57411B6EB7EE0B, AssetID: 4181262340
[21:15:07.068] SERVER SPAWN: GameManager, NetID: 3, SceneID: 3B57411BDBAA8B3E, AssetID: 2598542897
[21:15:07.069] SERVER SPAWN: HeroRegistry, NetID: 4, SceneID: 3B57411BD603BA67, AssetID: 1831850035
[21:15:07.069] SERVER SPAWN: TeamManager, NetID: 5, SceneID: 3B57411B23E6E149, AssetID: 2613641029
[21:15:07.070] SERVER SPAWN: LobbyManager, NetID: 6, SceneID: 3B57411B17916B04, AssetID: 0
[21:15:07.070] SERVER SPAWN: temp_player [connId=0], NetID: 7, SceneID: 0, AssetID: 1462839937
[21:15:11.065] SERVER SPAWN: temp_player [connId=390227607], NetID: 8, SceneID: 0, AssetID: 1462839937
[21:15:15.879] SERVER SCENE CHANGED: HeroSelection
[21:15:16.095] SERVER SPAWN: temp_player [connId=390227607], NetID: 11, SceneID: 0, AssetID: 1462839937
[21:15:16.095] SERVER SPAWN: HeroSelectionCanvas, NetID: 9, SceneID: 7442F4A325BB41ED, AssetID: 0
[21:15:16.096] SERVER SPAWN: temp_player [connId=0], NetID: 10, SceneID: 0, AssetID: 1462839937
[21:15:16.096] SERVER UNSPAWN: TeamAssignment, NetID: 1
[21:15:16.096] SERVER UNSPAWN: HeroSelectionManager, NetID: 2
[21:15:16.096] SERVER UNSPAWN: GameManager, NetID: 3
[21:15:16.096] SERVER UNSPAWN: HeroRegistry, NetID: 4
[21:15:16.096] SERVER UNSPAWN: TeamManager, NetID: 5
[21:15:16.096] SERVER UNSPAWN: LobbyManager, NetID: 6
[21:15:16.096] SERVER UNSPAWN: temp_player [connId=0], NetID: 7
[21:15:16.097] SERVER UNSPAWN: temp_player [connId=390227607], NetID: 8
=== Network Diagnostics Stopped at 17-03-2025 21:15:42 ===
