=== Network Diagnostics Started at 17-03-2025 19:21:39 ===
Active Scene: Lobby
Network Mode: Server
[19:21:39.643] NetworkDiagnostics initialized at 17-03-2025 19:21:39
[19:21:39.998] SERVER SPAWN: TeamManager, NetID: 1, SceneID: 3B57411B23E6E149, AssetID: 2613641029
[19:21:39.998] SERVER SPAWN: GameManager, NetID: 2, SceneID: 3B57411BDBAA8B3E, AssetID: 2598542897
[19:21:39.999] SERVER SPAWN: HeroSelectionManager, NetID: 3, SceneID: 3B57411B6EB7EE0B, AssetID: 4181262340
[19:21:39.999] SERVER SPAWN: HeroRegistry, NetID: 4, SceneID: 3B57411BD603BA67, AssetID: 1831850035
[19:21:39.999] SERVER SPAWN: TeamAssignment, NetID: 5, SceneID: 3B57411B6E483AD7, AssetID: 2920735973
[19:21:40.000] SERVER SPAWN: LobbyManager, NetID: 6, SceneID: 3B57411B17916B04, AssetID: 0
[19:21:40.000] SERVER SPAWN: temp_player [connId=0], NetID: 7, SceneID: 0, AssetID: 1462839937
[19:21:42.996] SERVER SPAWN: temp_player [connId=390221824], NetID: 8, SceneID: 0, AssetID: 1462839937
[19:21:55.996] SERVER SCENE CHANGED: HeroSelection
[19:21:56.044] SERVER SPAWN: HeroSelectionCanvas, NetID: 9, SceneID: 7442F4A325BB41ED, AssetID: 0
[19:21:56.044] SERVER SPAWN: temp_player [connId=390221824], NetID: 11, SceneID: 0, AssetID: 1462839937
[19:21:56.045] SERVER SPAWN: temp_player [connId=0], NetID: 10, SceneID: 0, AssetID: 1462839937
[19:21:56.045] SERVER UNSPAWN: TeamManager, NetID: 1
[19:21:56.045] SERVER UNSPAWN: GameManager, NetID: 2
[19:21:56.045] SERVER UNSPAWN: HeroSelectionManager, NetID: 3
[19:21:56.045] SERVER UNSPAWN: HeroRegistry, NetID: 4
[19:21:56.045] SERVER UNSPAWN: TeamAssignment, NetID: 5
[19:21:56.046] SERVER UNSPAWN: LobbyManager, NetID: 6
[19:21:56.046] SERVER UNSPAWN: temp_player [connId=0], NetID: 7
[19:21:56.046] SERVER UNSPAWN: temp_player [connId=390221824], NetID: 8
=== Network Diagnostics Stopped at 17-03-2025 19:22:46 ===
