=== Network Diagnostics Started at 18-03-2025 19:13:51 ===
Active Scene: Lobby
Network Mode: Server
[19:13:51.148] NetworkDiagnostics initialized at 18-03-2025 19:13:51
[19:13:51.504] SERVER SPAWN: GameManager, NetID: 1, SceneID: 3B57411BDBAA8B3E, AssetID: 2598542897
[19:13:51.504] SERVER SPAWN: TeamAssignment, NetID: 2, SceneID: 3B57411B6E483AD7, AssetID: 2920735973
[19:13:51.504] SERVER SPAWN: HeroRegistry, NetID: 3, SceneID: 3B57411BD603BA67, AssetID: 1831850035
[19:13:51.505] SERVER SPAWN: HeroSelectionManager, NetID: 4, SceneID: 3B57411B6EB7EE0B, AssetID: 4181262340
[19:13:51.505] SERVER SPAWN: TeamManager, NetID: 5, SceneID: 3B57411B23E6E149, AssetID: 2613641029
[19:13:51.506] SERVER SPAWN: LobbyManager, NetID: 6, SceneID: 3B57411B17916B04, AssetID: 0
[19:13:51.506] SERVER SPAWN: Kael [connId=0], NetID: 7, SceneID: 0, AssetID: 1462839937
[19:13:55.004] SERVER SPAWN: Kael [connId=390218926], NetID: 8, SceneID: 0, AssetID: 1462839937
[19:14:02.747] SERVER SCENE CHANGED: HeroSelection
[19:14:03.043] SERVER SPAWN: Kael [connId=390218926], NetID: 13, SceneID: 0, AssetID: 1462839937
[19:14:03.043] SERVER SPAWN: Kael [connId=0], NetID: 12, SceneID: 0, AssetID: 1462839937
[19:14:03.043] SERVER SPAWN: HeroSelectionManager, NetID: 9, SceneID: 7442F4A30C7F5961, AssetID: 4181262340
[19:14:03.043] SERVER SPAWN: HeroRegistry, NetID: 10, SceneID: 7442F4A3EAB31567, AssetID: 1831850035
[19:14:03.044] SERVER SPAWN: HeroSelectionCanvas, NetID: 11, SceneID: 7442F4A325BB41ED, AssetID: 0
[19:14:03.044] SERVER UNSPAWN: GameManager, NetID: 1
[19:14:03.044] SERVER UNSPAWN: TeamAssignment, NetID: 2
[19:14:03.044] SERVER UNSPAWN: HeroRegistry, NetID: 3
[19:14:03.044] SERVER UNSPAWN: HeroSelectionManager, NetID: 4
[19:14:03.044] SERVER UNSPAWN: TeamManager, NetID: 5
[19:14:03.044] SERVER UNSPAWN: LobbyManager, NetID: 6
[19:14:03.044] SERVER UNSPAWN: Kael [connId=0], NetID: 7
[19:14:03.045] SERVER UNSPAWN: Kael [connId=390218926], NetID: 8
[19:14:29.041] SERVER SCENE CHANGED: Gameplay
[19:14:29.090] SERVER SPAWN: TeamManager, NetID: 14, SceneID: 203917BD0514B671, AssetID: 2613641029
[19:14:29.090] SERVER SPAWN: PlayerSpawner, NetID: 17, SceneID: 203917BD546D8BE2, AssetID: 1579855149
[19:14:29.090] SERVER SPAWN: GameHUD, NetID: 16, SceneID: 203917BDACD490AB, AssetID: 0
[19:14:29.090] SERVER SPAWN: GameManager, NetID: 15, SceneID: 203917BDFACD827B, AssetID: 2598542897
[19:14:29.091] SERVER SPAWN: Kael [connId=0], NetID: 18, SceneID: 0, AssetID: 1462839937
[19:14:29.091] SERVER SPAWN: Kael [connId=390218926], NetID: 19, SceneID: 0, AssetID: 1462839937
[19:14:29.091] SERVER UNSPAWN: Kael [connId=390218926], NetID: 13
[19:14:29.091] SERVER UNSPAWN: Kael [connId=0], NetID: 12
[19:14:29.092] SERVER UNSPAWN: HeroSelectionManager, NetID: 9
[19:14:29.093] SERVER UNSPAWN: HeroRegistry, NetID: 10
[19:14:29.093] SERVER UNSPAWN: HeroSelectionCanvas, NetID: 11
[19:14:29.588] SERVER UNSPAWN: Kael [connId=390218926], NetID: 19
=== Network Diagnostics Stopped at 18-03-2025 19:15:14 ===
