=== Network Diagnostics Started at 17-03-2025 22:15:04 ===
Active Scene: Lobby
Network Mode: Server
[22:15:04.920] NetworkDiagnostics initialized at 17-03-2025 22:15:04
[22:15:05.298] SERVER SPAWN: TeamManager, NetID: 1, SceneID: 3B57411B23E6E149, AssetID: 2613641029
[22:15:05.299] SERVER SPAWN: HeroSelectionManager, NetID: 2, SceneID: 3B57411B6EB7EE0B, AssetID: 4181262340
[22:15:05.299] SERVER SPAWN: TeamAssignment, NetID: 3, SceneID: 3B57411B6E483AD7, AssetID: 2920735973
[22:15:05.299] SERVER SPAWN: HeroRegistry, NetID: 4, SceneID: 3B57411BD603BA67, AssetID: 1831850035
[22:15:05.299] SERVER SPAWN: GameManager, NetID: 5, SceneID: 3B57411BDBAA8B3E, AssetID: 2598542897
[22:15:05.300] SERVER SPAWN: LobbyManager, NetID: 6, SceneID: 3B57411B17916B04, AssetID: 0
[22:15:05.301] SERVER SPAWN: temp_player [connId=0], NetID: 7, SceneID: 0, AssetID: 1462839937
[22:15:08.797] SERVER SPAWN: temp_player [connId=390219602], NetID: 8, SceneID: 0, AssetID: 1462839937
[22:15:11.787] SERVER SCENE CHANGED: HeroSelection
[22:15:11.843] SERVER SPAWN: temp_player [connId=390219602], NetID: 12, SceneID: 0, AssetID: 1462839937
[22:15:11.843] SERVER SPAWN: HeroSelectionCanvas, NetID: 11, SceneID: 7442F4A325BB41ED, AssetID: 0
[22:15:11.843] SERVER SPAWN: temp_player [connId=0], NetID: 13, SceneID: 0, AssetID: 1462839937
[22:15:11.843] SERVER SPAWN: HeroSelectionManager, NetID: 10, SceneID: 7442F4A30C7F5961, AssetID: 4181262340
[22:15:11.844] SERVER SPAWN: HeroRegistry, NetID: 9, SceneID: 7442F4A3EAB31567, AssetID: 1831850035
[22:15:11.844] SERVER UNSPAWN: TeamManager, NetID: 1
[22:15:11.844] SERVER UNSPAWN: HeroSelectionManager, NetID: 2
[22:15:11.844] SERVER UNSPAWN: TeamAssignment, NetID: 3
[22:15:11.844] SERVER UNSPAWN: HeroRegistry, NetID: 4
[22:15:11.844] SERVER UNSPAWN: GameManager, NetID: 5
[22:15:11.844] SERVER UNSPAWN: LobbyManager, NetID: 6
[22:15:11.845] SERVER UNSPAWN: temp_player [connId=0], NetID: 7
[22:15:11.845] SERVER UNSPAWN: temp_player [connId=390219602], NetID: 8
=== Network Diagnostics Stopped at 17-03-2025 22:15:57 ===
