=== Network Diagnostics Started at 18-03-2025 19:20:10 ===
Active Scene: MainMenu
Network Mode: Client
[19:20:10.645] NetworkDiagnostics initialized at 18-03-2025 19:20:10
[19:20:10.760] CLIENT SCENE CHANGED: Lobby
[19:20:11.232] CLIENT SPAWN: TeamAssignment, NetID: 1, SceneID: 3B57411B6E483AD7, AssetID: 2920735973
[19:20:11.232] CLIENT SPAWN: HeroSelectionManager, NetID: 2, SceneID: 3B57411B6EB7EE0B, AssetID: 4181262340
[19:20:11.232] CLIENT SPAWN: HeroRegistry, NetID: 3, SceneID: 3B57411BD603BA67, AssetID: 1831850035
[19:20:11.233] CLIENT SPAWN: TeamManager, NetID: 4, SceneID: 3B57411B23E6E149, AssetID: 2613641029
[19:20:11.233] CLIENT SPAWN: GameManager, NetID: 5, SceneID: 3B57411BDBAA8B3E, AssetID: 2598542897
[19:20:11.234] CLIENT SPAWN: LobbyManager, NetID: 6, SceneID: 3B57411B17916B04, AssetID: 0
[19:20:11.235] CLIENT SPAWN: Kael(Clone), NetID: 7, SceneID: 0, AssetID: 1462839937
[19:20:11.235] CLIENT SPAWN: Kael(Clone), NetID: 8, SceneID: 0, AssetID: 1462839937
[19:20:49.465] CLIENT SCENE CHANGED: HeroSelection
[19:20:49.763] CLIENT SPAWN: Kael(Clone), NetID: 13, SceneID: 0, AssetID: 1462839937
[19:20:49.763] CLIENT SPAWN: HeroSelectionManager, NetID: 9, SceneID: 7442F4A30C7F5961, AssetID: 4181262340
[19:20:49.763] CLIENT SPAWN: HeroRegistry, NetID: 10, SceneID: 7442F4A3EAB31567, AssetID: 1831850035
[19:20:49.764] CLIENT SPAWN: HeroSelectionCanvas, NetID: 11, SceneID: 7442F4A325BB41ED, AssetID: 0
[19:20:49.764] CLIENT SPAWN: Kael(Clone), NetID: 12, SceneID: 0, AssetID: 1462839937
[19:20:49.764] CLIENT UNSPAWN: TeamAssignment, NetID: 1
[19:20:49.764] CLIENT UNSPAWN: HeroSelectionManager, NetID: 2
[19:20:49.764] CLIENT UNSPAWN: HeroRegistry, NetID: 3
[19:20:49.765] CLIENT UNSPAWN: TeamManager, NetID: 4
[19:20:49.765] CLIENT UNSPAWN: GameManager, NetID: 5
[19:20:49.765] CLIENT UNSPAWN: LobbyManager, NetID: 6
[19:20:49.765] CLIENT UNSPAWN: Kael(Clone), NetID: 7
[19:20:49.765] CLIENT UNSPAWN: Kael(Clone), NetID: 8
[19:21:50.514] CLIENT SCENE CHANGED: Gameplay
[19:21:50.761] CLIENT SPAWN: Kael(Clone), NetID: 18, SceneID: 0, AssetID: 1462839937
[19:21:50.761] CLIENT SPAWN: GameManager, NetID: 15, SceneID: 203917BDFACD827B, AssetID: 2598542897
[19:21:50.761] CLIENT SPAWN: TeamManager, NetID: 14, SceneID: 203917BD0514B671, AssetID: 2613641029
[19:21:50.761] CLIENT SPAWN: PlayerSpawner, NetID: 17, SceneID: 203917BD546D8BE2, AssetID: 1579855149
[19:21:50.761] CLIENT SPAWN: Kael(Clone), NetID: 19, SceneID: 0, AssetID: 1462839937
[19:21:50.761] CLIENT SPAWN: GameHUD, NetID: 16, SceneID: 203917BDACD490AB, AssetID: 0
[19:21:50.761] CLIENT UNSPAWN: Kael(Clone), NetID: 13
[19:21:50.761] CLIENT UNSPAWN: HeroSelectionManager, NetID: 9
[19:21:50.761] CLIENT UNSPAWN: HeroRegistry, NetID: 10
[19:21:50.761] CLIENT UNSPAWN: HeroSelectionCanvas, NetID: 11
[19:21:50.761] CLIENT UNSPAWN: Kael(Clone), NetID: 12
[19:23:15.558] === NETWORK PREFAB DIAGNOSTICS ===
Network Manager: Network Manager
Registered Spawn Prefabs: 0

Registered Prefabs:

Current Spawned Objects:

Statistics:
- Total Spawns Detected: 0
- Failed Spawns: 0

=== Network Diagnostics Stopped at 18-03-2025 19:49:53 ===
