=== Network Diagnostics Started at 17-03-2025 19:38:38 ===
Active Scene: MainMenu
Network Mode: Client
[19:38:38.042] NetworkDiagnostics initialized at 17-03-2025 19:38:38
[19:38:38.156] CLIENT SCENE CHANGED: Lobby
[19:38:38.598] CLIENT SPAWN: HeroSelectionManager, NetID: 2, SceneID: 3B57411B6EB7EE0B, AssetID: 4181262340
[19:38:38.598] CLIENT SPAWN: TeamAssignment, NetID: 5, SceneID: 3B57411B6E483AD7, AssetID: 2920735973
[19:38:38.598] CLIENT SPAWN: LobbyManager, NetID: 6, SceneID: 3B57411B17916B04, AssetID: 0
[19:38:38.599] CLIENT SPAWN: temp_player(Clone), NetID: 7, SceneID: 0, AssetID: 1462839937
[19:38:38.599] CLIENT SPAWN: temp_player(Clone), NetID: 8, SceneID: 0, AssetID: 1462839937
[19:38:44.683] CLIENT SCENE CHANGED: HeroSelection
[19:38:45.113] CLIENT SPAWN: temp_player(Clone), NetID: 11, SceneID: 0, AssetID: 1462839937
[19:38:45.113] CLIENT SPAWN: temp_player(Clone), NetID: 10, SceneID: 0, AssetID: 1462839937
[19:38:45.114] CLIENT SPAWN: HeroSelectionCanvas, NetID: 9, SceneID: 7442F4A325BB41ED, AssetID: 0
[19:38:45.114] CLIENT UNSPAWN: HeroSelectionManager, NetID: 2
[19:38:45.114] CLIENT UNSPAWN: TeamAssignment, NetID: 5
[19:38:45.114] CLIENT UNSPAWN: LobbyManager, NetID: 6
[19:38:45.114] CLIENT UNSPAWN: temp_player(Clone), NetID: 7
[19:38:45.114] CLIENT UNSPAWN: temp_player(Clone), NetID: 8
=== Network Diagnostics Stopped at 17-03-2025 19:38:50 ===
